[2020-10-19 22:21:58,147] {taskinstance.py:670} INFO - Dependencies all met for <TaskInstance: tutorial.sqlite_to_df 2020-10-19T16:30:15.912664+00:00 [queued]>
[2020-10-19 22:21:58,154] {taskinstance.py:670} INFO - Dependencies all met for <TaskInstance: tutorial.sqlite_to_df 2020-10-19T16:30:15.912664+00:00 [queued]>
[2020-10-19 22:21:58,154] {taskinstance.py:880} INFO - 
--------------------------------------------------------------------------------
[2020-10-19 22:21:58,154] {taskinstance.py:881} INFO - Starting attempt 3 of 4
[2020-10-19 22:21:58,154] {taskinstance.py:882} INFO - 
--------------------------------------------------------------------------------
[2020-10-19 22:21:58,161] {taskinstance.py:901} INFO - Executing <Task(PythonOperator): sqlite_to_df> on 2020-10-19T16:30:15.912664+00:00
[2020-10-19 22:21:58,163] {standard_task_runner.py:54} INFO - Started process 18013 to run task
[2020-10-19 22:21:58,186] {standard_task_runner.py:77} INFO - Running: ['airflow', 'run', 'tutorial', 'sqlite_to_df', '2020-10-19T16:30:15.912664+00:00', '--job_id', '279', '--pool', 'default_pool', '--raw', '-sd', 'DAGS_FOLDER/tutorial.py', '--cfg_path', '/var/folders/4j/yctg8njd19g2873bfk914jqw0000gn/T/tmpt9z7oirk']
[2020-10-19 22:21:58,187] {standard_task_runner.py:78} INFO - Job 279: Subtask sqlite_to_df
[2020-10-19 22:21:58,219] {logging_mixin.py:112} INFO - Running %s on host %s <TaskInstance: tutorial.sqlite_to_df 2020-10-19T16:30:15.912664+00:00 [running]> Arpitas-MacBook-Pro.local
[2020-10-19 22:21:58,237] {base_hook.py:89} INFO - Using connection to: id: sqlite_default. Host: /Users/arpitasaha/airflow/dags/db/B2BPlatform.db, Port: None, Schema: /Users/arpitasaha/airflow/dags/db/B2BPlatform.db, Login: None, Password: None, extra: None
[2020-10-19 22:21:58,782] {logging_mixin.py:112} INFO -       DocumentNo          FullName  ... ProductName         CUID
0     99-0576035     Rupert Gimson  ...       kksjx  53-147-2039
1     99-0576035     Rupert Gimson  ...       xnpsp  53-183-9628
2     99-0576035     Rupert Gimson  ...       kknel  47-167-8743
3     99-4229753    Carlynn Tomich  ...       tpggb  34-288-3234
4     99-4229753    Carlynn Tomich  ...       jmbrr  53-793-9263
...          ...               ...  ...         ...          ...
1028  00-7370426  Jonell Freeborne  ...       yknlh  46-766-7300
1029  00-2834844     Pavel Smurfit  ...       dlqhy  17-424-9536
1030  00-0747485      Peyton Coche  ...       eojyw  78-384-2255
1031  00-0493266    Deana Matyukon  ...       splgr  63-485-6738
1032  00-0012451    Ketti Aaronson  ...       bgkmi  07-361-4870

[1033 rows x 14 columns]
[2020-10-19 22:21:58,798] {python_operator.py:114} INFO - Done. Returned value was: None
[2020-10-19 22:21:58,802] {taskinstance.py:1070} INFO - Marking task as SUCCESS.dag_id=tutorial, task_id=sqlite_to_df, execution_date=20201019T163015, start_date=20201019T165158, end_date=20201019T165158
[2020-10-19 22:22:03,144] {local_task_job.py:102} INFO - Task exited with return code 0
